<?xml version="1.0" encoding="UTF-8"?>
<!-- Generated by org.testng.reporters.JUnitXMLReporter -->
<testsuite ignored="0" hostname="DESKTOP-7TVELGM" failures="0" tests="4" name="Default test" time="114.902" errors="0" timestamp="2025-06-05T17:41:58 IST">
  <testcase classname="tests.MakeMyTripBusTests" name="makeMyTripBusBookingFlow" time="24.59"/>
  <testcase classname="tests.MakeMyTripBusTests" name="makeMyTripBusBookingFlow" time="23.31"/>
  <testcase classname="tests.MakeMyTripBusTests" name="makeMyTripBusBookingFlow" time="33.371"/>
  <testcase classname="tests.MakeMyTripBusTests" name="makeMyTripBusBookingFlow" time="20.466"/>
</testsuite> <!-- Default test -->
