<?xml version="1.0" encoding="UTF-8"?>
<!-- Generated by org.testng.reporters.JUnitXMLReporter -->
<testsuite ignored="0" hostname="DESKTOP-7TVELGM" failures="0" tests="4" name="Default test" time="132.398" errors="0" timestamp="2025-06-19T12:07:45 IST">
  <testcase classname="tests.MakeMyTripBusTests" name="makeMyTripBusBookingFlow" time="25.647"/>
  <testcase classname="tests.MakeMyTripBusTests" name="makeMyTripBusBookingFlow" time="34.358"/>
  <testcase classname="tests.MakeMyTripBusTests" name="makeMyTripBusBookingFlow" time="26.043"/>
  <testcase classname="tests.MakeMyTripBusTests" name="makeMyTripBusBookingFlow" time="32.644"/>
</testsuite> <!-- Default test -->
